<?xml version="1.0" encoding="UTF-8"?>
<testsuite name="com.proyecto.ejemplo.EjemploApplicationTests" tests="1" skipped="0" failures="0" errors="0" timestamp="2023-08-29T15:31:45" hostname="TUL-ADMINs-MacBook-Pro.local" time="0.332">
  <properties/>
  <testcase name="contextLoads()" classname="com.proyecto.ejemplo.EjemploApplicationTests" time="0.332"/>
  <system-out><![CDATA[10:31:43.440 [Test worker] INFO org.springframework.test.context.support.AnnotationConfigContextLoaderUtils -- Could not detect default configuration classes for test class [com.proyecto.ejemplo.EjemploApplicationTests]: EjemploApplicationTests does not declare any static, non-private, non-final, nested classes annotated with @Configuration.
10:31:43.487 [Test worker] INFO org.springframework.boot.test.context.SpringBootTestContextBootstrapper -- Found @SpringBootConfiguration com.proyecto.ejemplo.EjemploApplication for test class com.proyecto.ejemplo.EjemploApplicationTests

  .   ____          _            __ _ _
 /\\ / ___'_ __ _ _(_)_ __  __ _ \ \ \ \
( ( )\___ | '_ | '_| | '_ \/ _` | \ \ \ \
 \\/  ___)| |_)| | | | | || (_| |  ) ) ) )
  '  |____| .__|_| |_|_| |_\__, | / / / /
 =========|_|==============|___/=/_/_/_/
 :: Spring Boot ::                (v3.1.2)

2023-08-29T10:31:43.669-05:00  INFO 32868 --- [    Test worker] c.p.ejemplo.EjemploApplicationTests      : Starting EjemploApplicationTests using Java 17.0.8 with PID 32868 (started by tul-admin in /Users/tul-admin/Documents/CrudErrores/CrudExample)
2023-08-29T10:31:43.669-05:00  INFO 32868 --- [    Test worker] c.p.ejemplo.EjemploApplicationTests      : No active profile set, falling back to 1 default profile: "default"
2023-08-29T10:31:43.966-05:00  INFO 32868 --- [    Test worker] .s.d.r.c.RepositoryConfigurationDelegate : Bootstrapping Spring Data JPA repositories in DEFAULT mode.
2023-08-29T10:31:44.000-05:00  INFO 32868 --- [    Test worker] .s.d.r.c.RepositoryConfigurationDelegate : Finished Spring Data repository scanning in 31 ms. Found 3 JPA repository interfaces.
2023-08-29T10:31:44.178-05:00  INFO 32868 --- [    Test worker] o.hibernate.jpa.internal.util.LogHelper  : HHH000204: Processing PersistenceUnitInfo [name: default]
2023-08-29T10:31:44.207-05:00  INFO 32868 --- [    Test worker] org.hibernate.Version                    : HHH000412: Hibernate ORM core version 6.2.6.Final
2023-08-29T10:31:44.208-05:00  INFO 32868 --- [    Test worker] org.hibernate.cfg.Environment            : HHH000406: Using bytecode reflection optimizer
2023-08-29T10:31:44.266-05:00  INFO 32868 --- [    Test worker] o.h.b.i.BytecodeProviderInitiator        : HHH000021: Bytecode provider name : bytebuddy
2023-08-29T10:31:44.321-05:00  INFO 32868 --- [    Test worker] o.s.o.j.p.SpringPersistenceUnitInfo      : No LoadTimeWeaver setup: ignoring JPA class transformer
2023-08-29T10:31:44.328-05:00  INFO 32868 --- [    Test worker] com.zaxxer.hikari.HikariDataSource       : HikariPool-1 - Starting...
2023-08-29T10:31:44.477-05:00  INFO 32868 --- [    Test worker] com.zaxxer.hikari.pool.HikariPool        : HikariPool-1 - Added connection org.postgresql.jdbc.PgConnection@45cd8607
2023-08-29T10:31:44.478-05:00  INFO 32868 --- [    Test worker] com.zaxxer.hikari.HikariDataSource       : HikariPool-1 - Start completed.
2023-08-29T10:31:44.606-05:00  INFO 32868 --- [    Test worker] o.h.b.i.BytecodeProviderInitiator        : HHH000021: Bytecode provider name : bytebuddy
2023-08-29T10:31:44.897-05:00  INFO 32868 --- [    Test worker] o.h.e.t.j.p.i.JtaPlatformInitiator       : HHH000490: Using JtaPlatform implementation: [org.hibernate.engine.transaction.jta.platform.internal.NoJtaPlatform]
Hibernate: alter table if exists shopping_carts alter column date_creation set data type timestamp(6)
2023-08-29T10:31:44.982-05:00  INFO 32868 --- [    Test worker] j.LocalContainerEntityManagerFactoryBean : Initialized JPA EntityManagerFactory for persistence unit 'default'
2023-08-29T10:31:45.233-05:00  WARN 32868 --- [    Test worker] JpaBaseConfiguration$JpaWebConfiguration : spring.jpa.open-in-view is enabled by default. Therefore, database queries may be performed during view rendering. Explicitly configure spring.jpa.open-in-view to disable this warning
2023-08-29T10:31:45.378-05:00  INFO 32868 --- [    Test worker] o.s.b.a.h2.H2ConsoleAutoConfiguration    : H2 console available at '/h2-console'. Database available at 'jdbc:postgresql://localhost:5432/curso'
2023-08-29T10:31:45.405-05:00  INFO 32868 --- [    Test worker] c.p.ejemplo.EjemploApplicationTests      : Started EjemploApplicationTests in 1.857 seconds (process running for 2.472)
]]></system-out>
  <system-err><![CDATA[]]></system-err>
</testsuite>
